warning: 'imoonshine': found 1 file(s) which are unhandled; explicitly declare them as resources or exclude from the target
    /home/omen/iMoonshine/Sources/iMoonshineIntents/IntentsInfo.plist
[0/1] Planning build
Building for debugging...
[0/8] Write swift-version--4F0166CAD5E50BE9.txt
[1/8] Write sources
[3/11] Compiling iMoonshineCore RecordingState.swift
/home/omen/iMoonshine/Sources/iMoonshineCore/RecordingState.swift:72:69: warning: 'allowBluetooth' was deprecated in iOS 8.0: renamed to 'AVAudioSession.CategoryOptions.allowBluetoothHFP' [#DeprecatedDeclaration]
 70 |         let session = AVAudioSession.sharedInstance()
 71 |         print("[VTC] RecordingState.start setCategory")
 72 |         try session.setCategory(.record, mode: .default, options: [.allowBluetooth, .mixWithOthers])
    |                                                                     |- warning: 'allowBluetooth' was deprecated in iOS 8.0: renamed to 'AVAudioSession.CategoryOptions.allowBluetoothHFP' [#DeprecatedDeclaration]
    |                                                                     `- note: use 'AVAudioSession.CategoryOptions.allowBluetoothHFP' instead
 73 |         print("[VTC] RecordingState.start setActive")
 74 |         try session.setActive(true)

[#DeprecatedDeclaration]: <https://docs.swift.org/compiler/documentation/diagnostics/deprecated-declaration>
[4/11] Emitting module iMoonshineCore
[5/11] Compiling iMoonshineCore ToggleRecordingIntent.swift
[6/20] Emitting module iMoonshineIntents
[6/20] Compiling iMoonshineIntents-Extension stub.c
[7/20] Write Objects.LinkFileList
[9/20] Emitting module iMoonshineWidget
[10/20] Compiling iMoonshineWidget TranscriptionWidget.swift
[10/20] Compiling iMoonshineWidget-Extension stub.c
[11/20] Write Objects.LinkFileList
[13/20] Compiling iMoonshine iMoonshineApp.swift
[14/20] Compiling iMoonshine RecordingViewModel.swift
[15/20] Compiling iMoonshine RootView.swift
[16/20] Emitting module iMoonshine
[16/21] Compiling iMoonshine-App stub.c
[17/21] Write Objects.LinkFileList
[18/21] Linking iMoonshineIntents-Extension
[19/21] Linking iMoonshineWidget-Extension
[20/21] Linking iMoonshine-App
Build complete! (1.85s)
note: appintentsmetadataprocessor not found; using xtool-appintents-gen (Linux-native fallback) to produce Metadata.appintents/ for module iMoonshineWidget. Output covers the common AppIntent / AppShortcut surface but does not match Xcode byte-for-byte. Set XTOOL_APPINTENTS_PROCESSOR=/path/to/appintentsmetadataprocessor for byte-identical output.
Planning...
Wrote to /home/omen/iMoonshine/xtool/iMoonshine.app
